12/27/2020 10:40:45 PM __main__ - INFO: ---------START----------
12/27/2020 10:40:45 PM __main__ - INFO: device: cpu
12/27/2020 10:40:48 PM utils - INFO: processing lines from file: /Users/noonscape/Documents/Transformer/practice/transformer/data/news-commentary-v8.de-en.de
12/27/2020 10:40:48 PM utils - INFO: processing lines from file: /Users/noonscape/Documents/Transformer/practice/transformer/data/news-commentary-v8.de-en.en
12/27/2020 10:40:48 PM preprocess - INFO: Partition raw data to 1024 sentences.
12/27/2020 10:40:48 PM numexpr.utils - INFO: NumExpr defaulting to 4 threads.
12/27/2020 10:40:49 PM preprocess - INFO: pickling fields to de_Field.pkl and en_Field.pkl
12/27/2020 10:40:51 PM __main__ - INFO: start training model, epoch 1
12/27/2020 10:44:44 PM __main__ - INFO: start evaluating model, epoch 1
12/27/2020 10:44:51 PM __main__ - INFO: saving best model checkpoint
12/27/2020 10:44:51 PM utils - INFO: Saving checkpoint to /Users/noonscape/Documents/Transformer/practice/transformer/saved_models/transformer_model.pth.tar
12/27/2020 10:44:51 PM __main__ - INFO: Epoch: 01 | Time: 3m 59s
12/27/2020 10:44:51 PM __main__ - INFO: 	Train Loss: 6.069 | Train PPL: 432.243
12/27/2020 10:44:51 PM __main__ - INFO: 	 Val. Loss: 4.796 |  Val. PPL: 121.075
12/27/2020 10:44:51 PM __main__ - INFO: start training model, epoch 2
12/27/2020 10:48:54 PM __main__ - INFO: start evaluating model, epoch 2
12/27/2020 10:49:01 PM __main__ - INFO: Epoch: 02 | Time: 4m 9s
12/27/2020 10:49:01 PM __main__ - INFO: 	Train Loss: 5.615 | Train PPL: 274.504
12/27/2020 10:49:01 PM __main__ - INFO: 	 Val. Loss: 4.898 |  Val. PPL: 134.050
12/27/2020 10:49:01 PM __main__ - INFO: ---------END----------
